heap profile: 1: 384 [1: 384] @ heap/1048576
1: 384 [1: 384] @ 0x433d87 0x42841f 0x42e4c0 0x42e069 0x45abc2

# runtime.MemStats
# Alloc = 194976
# TotalAlloc = 691360
# Sys = 4458744
# Lookups = 368
# Mallocs = 10430
# Frees = 9541
# HeapAlloc = 194976
# HeapSys = 1802240
# HeapIdle = 1261568
# HeapInuse = 540672
# HeapReleased = 0
# HeapObjects = 889
# Stack = 294912 / 294912
# MSpan = 8512 / 16384
# MCache = 4832 / 16384
# BuckHashSys = 1442923
# NextGC = 4194304
# PauseNs = [753267 0 0 0 0 0 0 0 0 0 0 0 0 0 0 0 0 0 0 0 0 0 0 0 0 0 0 0 0 0 0 0 0 0 0 0 0 0 0 0 0 0 0 0 0 0 0 0 0 0 0 0 0 0 0 0 0 0 0 0 0 0 0 0 0 0 0 0 0 0 0 0 0 0 0 0 0 0 0 0 0 0 0 0 0 0 0 0 0 0 0 0 0 0 0 0 0 0 0 0 0 0 0 0 0 0 0 0 0 0 0 0 0 0 0 0 0 0 0 0 0 0 0 0 0 0 0 0 0 0 0 0 0 0 0 0 0 0 0 0 0 0 0 0 0 0 0 0 0 0 0 0 0 0 0 0 0 0 0 0 0 0 0 0 0 0 0 0 0 0 0 0 0 0 0 0 0 0 0 0 0 0 0 0 0 0 0 0 0 0 0 0 0 0 0 0 0 0 0 0 0 0 0 0 0 0 0 0 0 0 0 0 0 0 0 0 0 0 0 0 0 0 0 0 0 0 0 0 0 0 0 0 0 0 0 0 0 0 0 0 0 0 0 0 0 0 0 0 0 0 0 0 0 0 0 0]
# NumGC = 1
# EnableGC = true
# DebugGC = false
